[Architectury Transformer DEBUG] 
[Architectury Transformer DEBUG] ============================
[Architectury Transformer DEBUG] Transforming from C:\Users\jacks\IDEA\LoadMyChunks\common\build\devlibs\LoadMyChunks-1.0.0-dev.jar to C:\Users\jacks\IDEA\LoadMyChunks\common\build\libs\LoadMyChunks-1.0.0-transformProductionForge.jar
[Architectury Transformer DEBUG] ============================
[Architectury Transformer DEBUG] 
[Architectury Transformer DEBUG] Transforming 7 transformer(s) from C:\Users\jacks\IDEA\LoadMyChunks\common\build\devlibs\LoadMyChunks-1.0.0-dev.jar to C:\Users\jacks\IDEA\LoadMyChunks\common\build\libs\LoadMyChunks-1.0.0-transformProductionForge.jar: 
[Architectury Transformer DEBUG]  - dev.architectury.transformer.transformers.TransformExpectPlatform@528c78c3
[Architectury Transformer DEBUG]  - dev.architectury.transformer.transformers.RemapInjectables@328c7b37
[Architectury Transformer DEBUG]  - dev.architectury.plugin.transformers.AddRefmapName@10fd58d5
[Architectury Transformer DEBUG]  - dev.architectury.transformer.transformers.TransformPlatformOnly@7cbd36a5
[Architectury Transformer DEBUG]  - dev.architectury.transformer.transformers.TransformForgeAnnotations@4d461391
[Architectury Transformer DEBUG]  - dev.architectury.transformer.transformers.TransformForgeEnvironment@1cc29ccd
[Architectury Transformer DEBUG]  - dev.architectury.transformer.transformers.FixForgeMixin@66835470
[Architectury Transformer DEBUG] Transforming from C:\Users\jacks\IDEA\LoadMyChunks\common\build\devlibs\LoadMyChunks-1.0.0-dev.jar to C:\Users\jacks\IDEA\LoadMyChunks\common\build\libs\LoadMyChunks-1.0.0-transformProductionForge.jar with 7 transformer(s) on dev.architectury.transformer.handler.SimpleTransformerHandler
[Architectury Transformer DEBUG] Reading mixin mappings file: C:\Users\jacks\IDEA\LoadMyChunks\common\build\loom-cache\mixin-map-loom.mappings.1_20_1.layered+hash.40359-v2.main.tiny
[Architectury Transformer DEBUG] Remapping with 2 mapping provider(s):
[Architectury Transformer DEBUG]  - dev.architectury.transformer.transformers.TransformForgeEnvironment$$Lambda$2673/0x0000000801dbd268@79753a67
[Architectury Transformer DEBUG]  - dev.architectury.transformer.transformers.TransformForgeEnvironment$$Lambda$2674/0x0000000801dbd488@5187dc43
[Architectury Transformer DEBUG] Provided 57 classpath jar(s):
[Architectury Transformer DEBUG]  - C:\Users\jacks\.gradle\caches\modules-2\files-2.1\dev.architectury\architectury-injectables\1.0.10\62db2a366d662606d1b23ad02ccc3212ed37ec3\architectury-injectables-1.0.10.jar
[Architectury Transformer DEBUG]  - C:\Users\jacks\.gradle\caches\modules-2\files-2.1\net.fabricmc\fabric-loader\0.15.11\9c2be53d84ec5c4fb58bb5b8d9c8a629047c9ee9\fabric-loader-0.15.11.jar
[Architectury Transformer DEBUG]  - C:\Users\jacks\.gradle\caches\modules-2\files-2.1\org.jetbrains\annotations\24.1.0\7af6a669488450c4a07c2c3254e2151df42d7d04\annotations-24.1.0.jar
[Architectury Transformer DEBUG]  - C:\Users\jacks\.gradle\caches\modules-2\files-2.1\org.ow2.asm\asm\9.6\aa205cf0a06dbd8e04ece91c0b37c3f5d567546a\asm-9.6.jar
[Architectury Transformer DEBUG]  - C:\Users\jacks\.gradle\caches\modules-2\files-2.1\org.ow2.asm\asm-analysis\9.6\9ce6c7b174bd997fc2552dff47964546bd7a5ec3\asm-analysis-9.6.jar
[Architectury Transformer DEBUG]  - C:\Users\jacks\.gradle\caches\modules-2\files-2.1\org.ow2.asm\asm-commons\9.6\f1a9e5508eff490744144565c47326c8648be309\asm-commons-9.6.jar
[Architectury Transformer DEBUG]  - C:\Users\jacks\.gradle\caches\modules-2\files-2.1\org.ow2.asm\asm-tree\9.6\c0cdda9d211e965d2a4448aa3fd86110f2f8c2de\asm-tree-9.6.jar
[Architectury Transformer DEBUG]  - C:\Users\jacks\.gradle\caches\modules-2\files-2.1\org.ow2.asm\asm-util\9.6\f77caf84eb93786a749b2baa40865b9613e3eaee\asm-util-9.6.jar
[Architectury Transformer DEBUG]  - C:\Users\jacks\.gradle\caches\modules-2\files-2.1\net.fabricmc\sponge-mixin\0.13.3+mixin.0.8.5\9527e6b0d2449408958fd1302594dc65ec5ade9c\sponge-mixin-0.13.3+mixin.0.8.5.jar
[Architectury Transformer DEBUG]  - C:\Users\jacks\.gradle\caches\modules-2\files-2.1\io.github.llamalad7\mixinextras-fabric\0.3.5\3b577be20ea942610b3045e4f0cd909fa415a9d3\mixinextras-fabric-0.3.5.jar
[Architectury Transformer DEBUG]  - C:\Users\jacks\.gradle\caches\modules-2\files-2.1\com.github.oshi\oshi-core\6.2.2\54f5efc19bca95d709d9a37d19ffcbba3d21c1a6\oshi-core-6.2.2.jar
[Architectury Transformer DEBUG]  - C:\Users\jacks\.gradle\caches\modules-2\files-2.1\com.google.code.gson\gson\2.10\dd9b193aef96e973d5a11ab13cd17430c2e4306b\gson-2.10.jar
[Architectury Transformer DEBUG]  - C:\Users\jacks\.gradle\caches\modules-2\files-2.1\com.google.guava\failureaccess\1.0.1\1dcf1de382a0bf95a3d8b0849546c88bac1292c9\failureaccess-1.0.1.jar
[Architectury Transformer DEBUG]  - C:\Users\jacks\.gradle\caches\modules-2\files-2.1\com.google.guava\guava\31.1-jre\60458f877d055d0c9114d9e1a2efb737b4bc282c\guava-31.1-jre.jar
[Architectury Transformer DEBUG]  - C:\Users\jacks\.gradle\caches\modules-2\files-2.1\com.ibm.icu\icu4j\71.1\9e7d3304c23f9ba5cb71915f7cce23231a57a445\icu4j-71.1.jar
[Architectury Transformer DEBUG]  - C:\Users\jacks\.gradle\caches\modules-2\files-2.1\com.mojang\authlib\4.0.43\2ff9d747a77570a07a60d32ac77eb6162ad2a2d9\authlib-4.0.43.jar
[Architectury Transformer DEBUG]  - C:\Users\jacks\.gradle\caches\modules-2\files-2.1\com.mojang\blocklist\1.0.10\5c685c5ffa94c4cd39496c7184c1d122e515ecef\blocklist-1.0.10.jar
[Architectury Transformer DEBUG]  - C:\Users\jacks\.gradle\caches\modules-2\files-2.1\com.mojang\brigadier\1.1.8\5244ce82c3337bba4a196a3ce858bfaecc74404a\brigadier-1.1.8.jar
[Architectury Transformer DEBUG]  - C:\Users\jacks\.gradle\caches\modules-2\files-2.1\com.mojang\datafixerupper\6.0.8\3ba4a30557a9b057760af4011f909ba619fc5125\datafixerupper-6.0.8.jar
[Architectury Transformer DEBUG]  - C:\Users\jacks\.gradle\caches\modules-2\files-2.1\com.mojang\logging\1.1.1\832b8e6674a9b325a5175a3a6267dfaf34c85139\logging-1.1.1.jar
[Architectury Transformer DEBUG]  - C:\Users\jacks\.gradle\caches\modules-2\files-2.1\com.mojang\patchy\2.2.10\da05971b07cbb379d002cf7eaec6a2048211fefc\patchy-2.2.10.jar
[Architectury Transformer DEBUG]  - C:\Users\jacks\.gradle\caches\modules-2\files-2.1\com.mojang\text2speech\1.17.9\3cad216e3a7f0c19b4b394388bc9ffc446f13b14\text2speech-1.17.9.jar
[Architectury Transformer DEBUG]  - C:\Users\jacks\.gradle\caches\modules-2\files-2.1\commons-codec\commons-codec\1.15\49d94806b6e3dc933dacbd8acb0fdbab8ebd1e5d\commons-codec-1.15.jar
[Architectury Transformer DEBUG]  - C:\Users\jacks\.gradle\caches\modules-2\files-2.1\commons-io\commons-io\2.11.0\a2503f302b11ebde7ebc3df41daebe0e4eea3689\commons-io-2.11.0.jar
[Architectury Transformer DEBUG]  - C:\Users\jacks\.gradle\caches\modules-2\files-2.1\commons-logging\commons-logging\1.2\4bfc12adfe4842bf07b657f0369c4cb522955686\commons-logging-1.2.jar
[Architectury Transformer DEBUG]  - C:\Users\jacks\.gradle\caches\modules-2\files-2.1\io.netty\netty-buffer\4.1.82.Final\a544270cf1ae8b8077082f5036436a9a9971ea71\netty-buffer-4.1.82.Final.jar
[Architectury Transformer DEBUG]  - C:\Users\jacks\.gradle\caches\modules-2\files-2.1\io.netty\netty-codec\4.1.82.Final\b77200379acb345a9ffdece1c605e591ac3e4e0a\netty-codec-4.1.82.Final.jar
[Architectury Transformer DEBUG]  - C:\Users\jacks\.gradle\caches\modules-2\files-2.1\io.netty\netty-common\4.1.82.Final\22d148e85c3f5ebdacc0ce1f5aabb1d420f73f3\netty-common-4.1.82.Final.jar
[Architectury Transformer DEBUG]  - C:\Users\jacks\.gradle\caches\modules-2\files-2.1\io.netty\netty-handler\4.1.82.Final\644041d1fa96a5d3130a29e8978630d716d76e38\netty-handler-4.1.82.Final.jar
[Architectury Transformer DEBUG]  - C:\Users\jacks\.gradle\caches\modules-2\files-2.1\io.netty\netty-resolver\4.1.82.Final\38f665ae8dcd29032eea31245ba7806bed2e0fa8\netty-resolver-4.1.82.Final.jar
[Architectury Transformer DEBUG]  - C:\Users\jacks\.gradle\caches\modules-2\files-2.1\io.netty\netty-transport-classes-epoll\4.1.82.Final\e7c7dd18deac93105797f30057c912651ea76521\netty-transport-classes-epoll-4.1.82.Final.jar
[Architectury Transformer DEBUG]  - C:\Users\jacks\.gradle\caches\modules-2\files-2.1\io.netty\netty-transport-native-unix-common\4.1.82.Final\3e895b35ca1b8a0eca56cacff4c2dde5d2c6abce\netty-transport-native-unix-common-4.1.82.Final.jar
[Architectury Transformer DEBUG]  - C:\Users\jacks\.gradle\caches\modules-2\files-2.1\io.netty\netty-transport\4.1.82.Final\e431a218d91acb6476ccad5f5aafde50aa3945ca\netty-transport-4.1.82.Final.jar
[Architectury Transformer DEBUG]  - C:\Users\jacks\.gradle\caches\modules-2\files-2.1\it.unimi.dsi\fastutil\8.5.9\bb7ea75ecdb216654237830b3a96d87ad91f8cc5\fastutil-8.5.9.jar
[Architectury Transformer DEBUG]  - C:\Users\jacks\.gradle\caches\modules-2\files-2.1\net.java.dev.jna\jna-platform\5.12.1\97406a297c852f4a41e688a176ec675f72e8329\jna-platform-5.12.1.jar
[Architectury Transformer DEBUG]  - C:\Users\jacks\.gradle\caches\modules-2\files-2.1\net.java.dev.jna\jna\5.12.1\b1e93a735caea94f503e95e6fe79bf9cdc1e985d\jna-5.12.1.jar
[Architectury Transformer DEBUG]  - C:\Users\jacks\.gradle\caches\modules-2\files-2.1\net.sf.jopt-simple\jopt-simple\5.0.4\4fdac2fbe92dfad86aa6e9301736f6b4342a3f5c\jopt-simple-5.0.4.jar
[Architectury Transformer DEBUG]  - C:\Users\jacks\.gradle\caches\modules-2\files-2.1\org.apache.commons\commons-compress\1.21\4ec95b60d4e86b5c95a0e919cb172a0af98011ef\commons-compress-1.21.jar
[Architectury Transformer DEBUG]  - C:\Users\jacks\.gradle\caches\modules-2\files-2.1\org.apache.commons\commons-lang3\3.12.0\c6842c86792ff03b9f1d1fe2aab8dc23aa6c6f0e\commons-lang3-3.12.0.jar
[Architectury Transformer DEBUG]  - C:\Users\jacks\.gradle\caches\modules-2\files-2.1\org.apache.httpcomponents\httpclient\4.5.13\e5f6cae5ca7ecaac1ec2827a9e2d65ae2869cada\httpclient-4.5.13.jar
[Architectury Transformer DEBUG]  - C:\Users\jacks\.gradle\caches\modules-2\files-2.1\org.apache.httpcomponents\httpcore\4.4.15\7f2e0c573eaa7a74bac2e89b359e1f73d92a0a1d\httpcore-4.4.15.jar
[Architectury Transformer DEBUG]  - C:\Users\jacks\.gradle\caches\modules-2\files-2.1\org.apache.logging.log4j\log4j-api\2.19.0\ea1b37f38c327596b216542bc636cfdc0b8036fa\log4j-api-2.19.0.jar
[Architectury Transformer DEBUG]  - C:\Users\jacks\.gradle\caches\modules-2\files-2.1\org.apache.logging.log4j\log4j-core\2.19.0\3b6eeb4de4c49c0fe38a4ee27188ff5fee44d0bb\log4j-core-2.19.0.jar
[Architectury Transformer DEBUG]  - C:\Users\jacks\.gradle\caches\modules-2\files-2.1\org.apache.logging.log4j\log4j-slf4j2-impl\2.19.0\5c04bfdd63ce9dceb2e284b81e96b6a70010ee10\log4j-slf4j2-impl-2.19.0.jar
[Architectury Transformer DEBUG]  - C:\Users\jacks\.gradle\caches\modules-2\files-2.1\org.joml\joml\1.10.5\22566d58af70ad3d72308bab63b8339906deb649\joml-1.10.5.jar
[Architectury Transformer DEBUG]  - C:\Users\jacks\.gradle\caches\modules-2\files-2.1\org.lwjgl\lwjgl-glfw\3.3.1\cbac1b8d30cb4795149c1ef540f912671a8616d0\lwjgl-glfw-3.3.1.jar
[Architectury Transformer DEBUG]  - C:\Users\jacks\.gradle\caches\modules-2\files-2.1\org.lwjgl\lwjgl-jemalloc\3.3.1\a817bcf213db49f710603677457567c37d53e103\lwjgl-jemalloc-3.3.1.jar
[Architectury Transformer DEBUG]  - C:\Users\jacks\.gradle\caches\modules-2\files-2.1\org.lwjgl\lwjgl-openal\3.3.1\2623a6b8ae1dfcd880738656a9f0243d2e6840bd\lwjgl-openal-3.3.1.jar
[Architectury Transformer DEBUG]  - C:\Users\jacks\.gradle\caches\modules-2\files-2.1\org.lwjgl\lwjgl-opengl\3.3.1\831a5533a21a5f4f81bbc51bb13e9899319b5411\lwjgl-opengl-3.3.1.jar
[Architectury Transformer DEBUG]  - C:\Users\jacks\.gradle\caches\modules-2\files-2.1\org.lwjgl\lwjgl-stb\3.3.1\b119297cf8ed01f247abe8685857f8e7fcf5980f\lwjgl-stb-3.3.1.jar
[Architectury Transformer DEBUG]  - C:\Users\jacks\.gradle\caches\modules-2\files-2.1\org.lwjgl\lwjgl-tinyfd\3.3.1\ff1914111ef2e3e0110ef2dabc8d8cdaad82347\lwjgl-tinyfd-3.3.1.jar
[Architectury Transformer DEBUG]  - C:\Users\jacks\.gradle\caches\modules-2\files-2.1\org.lwjgl\lwjgl\3.3.1\ae58664f88e18a9bb2c77b063833ca7aaec484cb\lwjgl-3.3.1.jar
[Architectury Transformer DEBUG]  - C:\Users\jacks\.gradle\caches\modules-2\files-2.1\org.slf4j\slf4j-api\2.0.1\f48d81adce2abf5ad3cfe463df517952749e03bc\slf4j-api-2.0.1.jar
[Architectury Transformer DEBUG]  - C:\Users\jacks\IDEA\LoadMyChunks\.gradle\loom-cache\minecraftMaven\net\minecraft\minecraft-merged-f0924a580a\1.20.1-loom.mappings.1_20_1.layered+hash.40359-v2\minecraft-merged-f0924a580a-1.20.1-loom.mappings.1_20_1.layered+hash.40359-v2.jar
[Architectury Transformer DEBUG]  - C:\Users\jacks\.gradle\caches\modules-2\files-2.1\io.netty\netty-transport-native-epoll\4.1.82.Final\c7350a71920f3ae9142945e25fed4846cce53374\netty-transport-native-epoll-4.1.82.Final-linux-x86_64.jar
[Architectury Transformer DEBUG]  - C:\Users\jacks\.gradle\caches\modules-2\files-2.1\io.netty\netty-transport-native-epoll\4.1.82.Final\476409d6255001ca53a55f65b01c13822f8dc93a\netty-transport-native-epoll-4.1.82.Final-linux-aarch_64.jar
[Architectury Transformer DEBUG]  - C:\Users\jacks\IDEA\LoadMyChunks\.gradle\loom-cache\remapped_mods\loom_mappings_1_20_1_layered_hash_40359_v2\dev\architectury\architectury-fabric\9.2.14\architectury-fabric-9.2.14.jar
[Architectury Transformer] Read classpath in 1.208 s
[Architectury Transformer DEBUG] Remap mixin method com/vicious/loadmychunks/mixins/MixinLevel#getChunk(II)Lnet/minecraft/world/level/chunk/LevelChunk; -> m_6325_
[Architectury Transformer DEBUG] Remap mixin method com/vicious/loadmychunks/mixins/MixinLevel#isClientSide()Z -> m_5776_
[Architectury Transformer DEBUG] Remap mixin method com/vicious/loadmychunks/mixins/MixinLevelChunk#getBlockEntity(Lnet/minecraft/core/BlockPos;)Lnet/minecraft/world/level/block/entity/BlockEntity; -> m_7702_
[Architectury Transformer DEBUG] Remap mixin method com/vicious/loadmychunks/mixins/MixinServerLevel#getDataStorage()Lnet/minecraft/world/level/storage/DimensionDataStorage; -> m_8895_
[Architectury Transformer DEBUG] Remap mixin field com/vicious/loadmychunks/mixins/MixinChunkAccess#blockEntities:Ljava/util/Map; -> f_187610_
[Architectury Transformer DEBUG] Remap mixin field com/vicious/loadmychunks/mixins/MixinChunkAccess#chunkPos:Lnet/minecraft/world/level/ChunkPos; -> f_187604_
[Architectury Transformer DEBUG] Remap mixin field com/vicious/loadmychunks/mixins/MixinChunkMap#updatingChunkMap:Lit/unimi/dsi/fastutil/longs/Long2ObjectLinkedOpenHashMap; -> f_140129_
[Architectury Transformer DEBUG] Remap mixin field com/vicious/loadmychunks/mixins/MixinLevel#tickingBlockEntities:Z -> f_151504_
[Architectury Transformer DEBUG] Remap mixin field com/vicious/loadmychunks/mixins/MixinLevel#blockEntityTickers:Ljava/util/List; -> f_151512_
[Architectury Transformer DEBUG] Remap mixin field com/vicious/loadmychunks/mixins/MixinLevelChunk#level:Lnet/minecraft/world/level/Level; -> f_62776_
[Architectury Transformer DEBUG] Remap mixin field com/vicious/loadmychunks/mixins/MixinLevelChunk#tickersInLevel:Ljava/util/Map; -> f_156362_
[Architectury Transformer DEBUG] Remapping Classes:
[Architectury Transformer DEBUG] net/fabricmc/api/EnvType -> net/minecraftforge/api/distmarker/Dist
[Architectury Transformer DEBUG] net/fabricmc/api/Environment -> net/minecraftforge/api/distmarker/OnlyIn
[Architectury Transformer DEBUG] Found class transformer
[Architectury Transformer DEBUG] Writing com/vicious/loadmychunks/LoadMyChunks with maxs=true frames=true
[Architectury Transformer DEBUG] Writing com/vicious/loadmychunks/LoaderTypes with maxs=true frames=true
[Architectury Transformer DEBUG] Writing com/vicious/loadmychunks/util/ModResource with maxs=true frames=true
[Architectury Transformer DEBUG] Writing com/vicious/loadmychunks/system/ChunkLoaderManager with maxs=true frames=true
[Architectury Transformer DEBUG] Writing com/vicious/loadmychunks/system/ChunkLoaderManager$LevelChunkLoaderManager with maxs=true frames=true
[Architectury Transformer DEBUG] Writing com/vicious/loadmychunks/system/ChunkDataModule with maxs=true frames=true
[Architectury Transformer DEBUG] Writing com/vicious/loadmychunks/system/TickDelayer with maxs=true frames=true
[Architectury Transformer DEBUG] Writing com/vicious/loadmychunks/system/TickDelayer$DelayedRunnable with maxs=true frames=true
[Architectury Transformer DEBUG] Writing com/vicious/loadmychunks/system/ThreadSafetyHelper with maxs=true frames=true
[Architectury Transformer DEBUG] Writing com/vicious/loadmychunks/system/LoaderTypeRegistry with maxs=true frames=true
[Architectury Transformer DEBUG] Writing com/vicious/loadmychunks/system/loaders/PlacedChunkLoader with maxs=true frames=true
[Architectury Transformer DEBUG] Writing com/vicious/loadmychunks/system/loaders/PhantomChunkLoader with maxs=true frames=true
[Architectury Transformer DEBUG] Writing com/vicious/loadmychunks/system/loaders/IChunkLoader with maxs=true frames=true
[Architectury Transformer DEBUG] Writing com/vicious/loadmychunks/system/loaders/IOwnable with maxs=true frames=true
[Architectury Transformer DEBUG] Writing com/vicious/loadmychunks/system/control/LoadState with maxs=true frames=true
[Architectury Transformer DEBUG] Writing com/vicious/loadmychunks/system/control/Timings with maxs=true frames=true
[Architectury Transformer DEBUG] Writing com/vicious/loadmychunks/system/control/Period with maxs=true frames=true
[Architectury Transformer DEBUG] Writing com/vicious/loadmychunks/system/control/LoadState$1 with maxs=true frames=true
[Architectury Transformer DEBUG] Writing com/vicious/loadmychunks/system/control/LoadState$2 with maxs=true frames=true
[Architectury Transformer DEBUG] Writing com/vicious/loadmychunks/mixins/MixinServerLevel with maxs=true frames=true
[Architectury Transformer DEBUG] Writing com/vicious/loadmychunks/mixins/MixinLevelChunk with maxs=true frames=true
[Architectury Transformer DEBUG] Writing com/vicious/loadmychunks/mixins/MixinChunkMap with maxs=true frames=true
[Architectury Transformer DEBUG] Writing com/vicious/loadmychunks/mixins/MixinChunkAccess with maxs=true frames=true
[Architectury Transformer DEBUG] Writing com/vicious/loadmychunks/mixins/MixinLevel with maxs=true frames=true
[Architectury Transformer DEBUG] Writing com/vicious/loadmychunks/item/ItemChunkometer with maxs=true frames=true
[Architectury Transformer DEBUG] Writing com/vicious/loadmychunks/item/LMCProperties with maxs=true frames=true
[Architectury Transformer DEBUG] Writing com/vicious/loadmychunks/debug/DebugBlockLagger with maxs=true frames=true
[Architectury Transformer DEBUG] Writing com/vicious/loadmychunks/debug/DebugLoadMyChunks with maxs=true frames=true
[Architectury Transformer DEBUG] Writing com/vicious/loadmychunks/debug/DebugBlockEntityLagger with maxs=true frames=true
[Architectury Transformer DEBUG] Writing com/vicious/loadmychunks/config/Range with maxs=true frames=true
[Architectury Transformer DEBUG] Writing com/vicious/loadmychunks/config/ConfigValue with maxs=true frames=true
[Architectury Transformer DEBUG] Writing com/vicious/loadmychunks/config/LMCConfig with maxs=true frames=true
[Architectury Transformer DEBUG] Writing com/vicious/loadmychunks/client/LMCBasicBlockEntityRenderer with maxs=true frames=true
[Architectury Transformer DEBUG] Writing com/vicious/loadmychunks/client/LoadMyChunksClient with maxs=true frames=true
[Architectury Transformer DEBUG] Writing com/vicious/loadmychunks/bridge/IDestroyable with maxs=true frames=true
[Architectury Transformer DEBUG] Writing com/vicious/loadmychunks/bridge/IChunkMapMixin with maxs=true frames=true
[Architectury Transformer DEBUG] Writing com/vicious/loadmychunks/bridge/ILevelMixin with maxs=true frames=true
[Architectury Transformer DEBUG] Writing com/vicious/loadmychunks/bridge/ILevelChunkMixin with maxs=true frames=true
[Architectury Transformer DEBUG] Writing com/vicious/loadmychunks/block/LMCBEType with maxs=true frames=true
[Architectury Transformer DEBUG] Writing com/vicious/loadmychunks/block/BlockEntityChunkLoader with maxs=true frames=true
[Architectury Transformer DEBUG] Writing com/vicious/loadmychunks/block/BlockChunkLoader with maxs=true frames=true
[Architectury Transformer DEBUG] Writing com/vicious/loadmychunks/block/LMCBEType$Factory with maxs=true frames=true
[Architectury Transformer DEBUG] Checking whether /loadmychunks-common.mixins.json is a mixin config.
[Architectury Transformer DEBUG] Checking whether /LoadMyChunks-common-refmap.json is a mixin config.
[Architectury Transformer DEBUG] Found mixin config(s): /loadmychunks-common.mixins.json
[Architectury Transformer DEBUG] Injecting LoadMyChunks-common-refmap.json to /loadmychunks-common.mixins.json
[Architectury Transformer DEBUG] Checking whether /loadmychunks-common.mixins.json is a mixin config.
[Architectury Transformer DEBUG] Checking whether /LoadMyChunks-common-refmap.json is a mixin config.
[Architectury Transformer DEBUG] Found mixin config(s): loadmychunks-common.mixins.json
[Architectury Transformer DEBUG] Injecting MixinConfigs into /META-INF/MANIFEST.MF
[Architectury Transformer DEBUG] Remapping refmap from intermediary to srg: LoadMyChunks-common-refmap.json
[Architectury Transformer DEBUG] Remapped refmap value Lnet/minecraft/class_1937;method_18471()V -> Lnet/minecraft/world/level/Level;m_46463_()V
[Architectury Transformer DEBUG] Remapped refmap value Lnet/minecraft/class_2818;<init>(Lnet/minecraft/class_1937;Lnet/minecraft/class_1923;Lnet/minecraft/class_2843;Lnet/minecraft/class_6755;Lnet/minecraft/class_6755;J[Lnet/minecraft/class_2826;Lnet/minecraft/class_2818$class_6829;Lnet/minecraft/class_6749;)V -> Lnet/minecraft/world/level/chunk/LevelChunk;<init>(Lnet/minecraft/world/level/Level;Lnet/minecraft/world/level/ChunkPos;Lnet/minecraft/world/level/chunk/UpgradeData;Lnet/minecraft/world/ticks/LevelChunkTicks;Lnet/minecraft/world/ticks/LevelChunkTicks;J[Lnet/minecraft/world/level/chunk/LevelChunkSection;Lnet/minecraft/world/level/chunk/LevelChunk$PostLoadProcessor;Lnet/minecraft/world/level/levelgen/blending/BlendingData;)V
[Architectury Transformer DEBUG] Remapped refmap value Lnet/minecraft/class_2818;method_12041(Lnet/minecraft/class_2338;)V -> Lnet/minecraft/world/level/chunk/LevelChunk;m_8114_(Lnet/minecraft/core/BlockPos;)V
[Architectury Transformer DEBUG] Remapped refmap value Lnet/minecraft/class_3218;<init>(Lnet/minecraft/server/MinecraftServer;Ljava/util/concurrent/Executor;Lnet/minecraft/class_32$class_5143;Lnet/minecraft/class_5268;Lnet/minecraft/class_5321;Lnet/minecraft/class_5363;Lnet/minecraft/class_3949;ZJLjava/util/List;ZLnet/minecraft/class_8565;)V -> Lnet/minecraft/server/level/ServerLevel;<init>(Lnet/minecraft/server/MinecraftServer;Ljava/util/concurrent/Executor;Lnet/minecraft/world/level/storage/LevelStorageSource$LevelStorageAccess;Lnet/minecraft/world/level/storage/ServerLevelData;Lnet/minecraft/resources/ResourceKey;Lnet/minecraft/world/level/dimension/LevelStem;Lnet/minecraft/server/level/progress/ChunkProgressListener;ZJLjava/util/List;ZLnet/minecraft/world/RandomSequences;)V
[Architectury Transformer DEBUG] Remapped refmap value Lnet/minecraft/class_1937;method_18471()V -> Lnet/minecraft/world/level/Level;m_46463_()V
[Architectury Transformer DEBUG] Remapped refmap value Lnet/minecraft/class_2818;<init>(Lnet/minecraft/class_1937;Lnet/minecraft/class_1923;Lnet/minecraft/class_2843;Lnet/minecraft/class_6755;Lnet/minecraft/class_6755;J[Lnet/minecraft/class_2826;Lnet/minecraft/class_2818$class_6829;Lnet/minecraft/class_6749;)V -> Lnet/minecraft/world/level/chunk/LevelChunk;<init>(Lnet/minecraft/world/level/Level;Lnet/minecraft/world/level/ChunkPos;Lnet/minecraft/world/level/chunk/UpgradeData;Lnet/minecraft/world/ticks/LevelChunkTicks;Lnet/minecraft/world/ticks/LevelChunkTicks;J[Lnet/minecraft/world/level/chunk/LevelChunkSection;Lnet/minecraft/world/level/chunk/LevelChunk$PostLoadProcessor;Lnet/minecraft/world/level/levelgen/blending/BlendingData;)V
[Architectury Transformer DEBUG] Remapped refmap value Lnet/minecraft/class_2818;method_12041(Lnet/minecraft/class_2338;)V -> Lnet/minecraft/world/level/chunk/LevelChunk;m_8114_(Lnet/minecraft/core/BlockPos;)V
[Architectury Transformer DEBUG] Remapped refmap value Lnet/minecraft/class_3218;<init>(Lnet/minecraft/server/MinecraftServer;Ljava/util/concurrent/Executor;Lnet/minecraft/class_32$class_5143;Lnet/minecraft/class_5268;Lnet/minecraft/class_5321;Lnet/minecraft/class_5363;Lnet/minecraft/class_3949;ZJLjava/util/List;ZLnet/minecraft/class_8565;)V -> Lnet/minecraft/server/level/ServerLevel;<init>(Lnet/minecraft/server/MinecraftServer;Ljava/util/concurrent/Executor;Lnet/minecraft/world/level/storage/LevelStorageSource$LevelStorageAccess;Lnet/minecraft/world/level/storage/ServerLevelData;Lnet/minecraft/resources/ResourceKey;Lnet/minecraft/world/level/dimension/LevelStem;Lnet/minecraft/server/level/progress/ChunkProgressListener;ZJLjava/util/List;ZLnet/minecraft/world/RandomSequences;)V
[Architectury Transformer DEBUG] Closed File Systems for C:\Users\jacks\IDEA\LoadMyChunks\common\build\libs\LoadMyChunks-1.0.0-transformProductionForge.jar
[Architectury Transformer] Transformed jar with 7 transformer(s) in 2.364 s
[Architectury Transformer DEBUG] 
[Architectury Transformer DEBUG] ============================
[Architectury Transformer DEBUG] Transforming from C:\Users\jacks\IDEA\LoadMyChunks\common\build\devlibs\LoadMyChunks-1.0.0-dev.jar to C:\Users\jacks\IDEA\LoadMyChunks\common\build\libs\LoadMyChunks-1.0.0-transformProductionForge.jar
[Architectury Transformer DEBUG] ============================
[Architectury Transformer DEBUG] 
[Architectury Transformer DEBUG] Transforming 7 transformer(s) from C:\Users\jacks\IDEA\LoadMyChunks\common\build\devlibs\LoadMyChunks-1.0.0-dev.jar to C:\Users\jacks\IDEA\LoadMyChunks\common\build\libs\LoadMyChunks-1.0.0-transformProductionForge.jar: 
[Architectury Transformer DEBUG]  - dev.architectury.transformer.transformers.TransformExpectPlatform@231a9536
[Architectury Transformer DEBUG]  - dev.architectury.transformer.transformers.RemapInjectables@3ea8508
[Architectury Transformer DEBUG]  - dev.architectury.plugin.transformers.AddRefmapName@3fa67cfb
[Architectury Transformer DEBUG]  - dev.architectury.transformer.transformers.TransformPlatformOnly@1062b0af
[Architectury Transformer DEBUG]  - dev.architectury.transformer.transformers.TransformForgeAnnotations@67a624b0
[Architectury Transformer DEBUG]  - dev.architectury.transformer.transformers.TransformForgeEnvironment@30332f89
[Architectury Transformer DEBUG]  - dev.architectury.transformer.transformers.FixForgeMixin@3cfeccd0
[Architectury Transformer DEBUG] Transforming from C:\Users\jacks\IDEA\LoadMyChunks\common\build\devlibs\LoadMyChunks-1.0.0-dev.jar to C:\Users\jacks\IDEA\LoadMyChunks\common\build\libs\LoadMyChunks-1.0.0-transformProductionForge.jar with 7 transformer(s) on dev.architectury.transformer.handler.SimpleTransformerHandler
[Architectury Transformer DEBUG] Reading mixin mappings file: C:\Users\jacks\IDEA\LoadMyChunks\common\build\loom-cache\mixin-map-loom.mappings.1_20_1.layered+hash.40359-v2.main.tiny
[Architectury Transformer DEBUG] Remapping with 2 mapping provider(s):
[Architectury Transformer DEBUG]  - dev.architectury.transformer.transformers.TransformForgeEnvironment$$Lambda$2673/0x0000000801dbd268@391cf428
[Architectury Transformer DEBUG]  - dev.architectury.transformer.transformers.TransformForgeEnvironment$$Lambda$2674/0x0000000801dbd488@5187dc43
[Architectury Transformer DEBUG] Provided 57 classpath jar(s):
[Architectury Transformer DEBUG]  - C:\Users\jacks\.gradle\caches\modules-2\files-2.1\dev.architectury\architectury-injectables\1.0.10\62db2a366d662606d1b23ad02ccc3212ed37ec3\architectury-injectables-1.0.10.jar
[Architectury Transformer DEBUG]  - C:\Users\jacks\.gradle\caches\modules-2\files-2.1\net.fabricmc\fabric-loader\0.15.11\9c2be53d84ec5c4fb58bb5b8d9c8a629047c9ee9\fabric-loader-0.15.11.jar
[Architectury Transformer DEBUG]  - C:\Users\jacks\.gradle\caches\modules-2\files-2.1\org.jetbrains\annotations\24.1.0\7af6a669488450c4a07c2c3254e2151df42d7d04\annotations-24.1.0.jar
[Architectury Transformer DEBUG]  - C:\Users\jacks\.gradle\caches\modules-2\files-2.1\org.ow2.asm\asm\9.6\aa205cf0a06dbd8e04ece91c0b37c3f5d567546a\asm-9.6.jar
[Architectury Transformer DEBUG]  - C:\Users\jacks\.gradle\caches\modules-2\files-2.1\org.ow2.asm\asm-analysis\9.6\9ce6c7b174bd997fc2552dff47964546bd7a5ec3\asm-analysis-9.6.jar
[Architectury Transformer DEBUG]  - C:\Users\jacks\.gradle\caches\modules-2\files-2.1\org.ow2.asm\asm-commons\9.6\f1a9e5508eff490744144565c47326c8648be309\asm-commons-9.6.jar
[Architectury Transformer DEBUG]  - C:\Users\jacks\.gradle\caches\modules-2\files-2.1\org.ow2.asm\asm-tree\9.6\c0cdda9d211e965d2a4448aa3fd86110f2f8c2de\asm-tree-9.6.jar
[Architectury Transformer DEBUG]  - C:\Users\jacks\.gradle\caches\modules-2\files-2.1\org.ow2.asm\asm-util\9.6\f77caf84eb93786a749b2baa40865b9613e3eaee\asm-util-9.6.jar
[Architectury Transformer DEBUG]  - C:\Users\jacks\.gradle\caches\modules-2\files-2.1\net.fabricmc\sponge-mixin\0.13.3+mixin.0.8.5\9527e6b0d2449408958fd1302594dc65ec5ade9c\sponge-mixin-0.13.3+mixin.0.8.5.jar
[Architectury Transformer DEBUG]  - C:\Users\jacks\.gradle\caches\modules-2\files-2.1\io.github.llamalad7\mixinextras-fabric\0.3.5\3b577be20ea942610b3045e4f0cd909fa415a9d3\mixinextras-fabric-0.3.5.jar
[Architectury Transformer DEBUG]  - C:\Users\jacks\.gradle\caches\modules-2\files-2.1\com.github.oshi\oshi-core\6.2.2\54f5efc19bca95d709d9a37d19ffcbba3d21c1a6\oshi-core-6.2.2.jar
[Architectury Transformer DEBUG]  - C:\Users\jacks\.gradle\caches\modules-2\files-2.1\com.google.code.gson\gson\2.10\dd9b193aef96e973d5a11ab13cd17430c2e4306b\gson-2.10.jar
[Architectury Transformer DEBUG]  - C:\Users\jacks\.gradle\caches\modules-2\files-2.1\com.google.guava\failureaccess\1.0.1\1dcf1de382a0bf95a3d8b0849546c88bac1292c9\failureaccess-1.0.1.jar
[Architectury Transformer DEBUG]  - C:\Users\jacks\.gradle\caches\modules-2\files-2.1\com.google.guava\guava\31.1-jre\60458f877d055d0c9114d9e1a2efb737b4bc282c\guava-31.1-jre.jar
[Architectury Transformer DEBUG]  - C:\Users\jacks\.gradle\caches\modules-2\files-2.1\com.ibm.icu\icu4j\71.1\9e7d3304c23f9ba5cb71915f7cce23231a57a445\icu4j-71.1.jar
[Architectury Transformer DEBUG]  - C:\Users\jacks\.gradle\caches\modules-2\files-2.1\com.mojang\authlib\4.0.43\2ff9d747a77570a07a60d32ac77eb6162ad2a2d9\authlib-4.0.43.jar
[Architectury Transformer DEBUG]  - C:\Users\jacks\.gradle\caches\modules-2\files-2.1\com.mojang\blocklist\1.0.10\5c685c5ffa94c4cd39496c7184c1d122e515ecef\blocklist-1.0.10.jar
[Architectury Transformer DEBUG]  - C:\Users\jacks\.gradle\caches\modules-2\files-2.1\com.mojang\brigadier\1.1.8\5244ce82c3337bba4a196a3ce858bfaecc74404a\brigadier-1.1.8.jar
[Architectury Transformer DEBUG]  - C:\Users\jacks\.gradle\caches\modules-2\files-2.1\com.mojang\datafixerupper\6.0.8\3ba4a30557a9b057760af4011f909ba619fc5125\datafixerupper-6.0.8.jar
[Architectury Transformer DEBUG]  - C:\Users\jacks\.gradle\caches\modules-2\files-2.1\com.mojang\logging\1.1.1\832b8e6674a9b325a5175a3a6267dfaf34c85139\logging-1.1.1.jar
[Architectury Transformer DEBUG]  - C:\Users\jacks\.gradle\caches\modules-2\files-2.1\com.mojang\patchy\2.2.10\da05971b07cbb379d002cf7eaec6a2048211fefc\patchy-2.2.10.jar
[Architectury Transformer DEBUG]  - C:\Users\jacks\.gradle\caches\modules-2\files-2.1\com.mojang\text2speech\1.17.9\3cad216e3a7f0c19b4b394388bc9ffc446f13b14\text2speech-1.17.9.jar
[Architectury Transformer DEBUG]  - C:\Users\jacks\.gradle\caches\modules-2\files-2.1\commons-codec\commons-codec\1.15\49d94806b6e3dc933dacbd8acb0fdbab8ebd1e5d\commons-codec-1.15.jar
[Architectury Transformer DEBUG]  - C:\Users\jacks\.gradle\caches\modules-2\files-2.1\commons-io\commons-io\2.11.0\a2503f302b11ebde7ebc3df41daebe0e4eea3689\commons-io-2.11.0.jar
[Architectury Transformer DEBUG]  - C:\Users\jacks\.gradle\caches\modules-2\files-2.1\commons-logging\commons-logging\1.2\4bfc12adfe4842bf07b657f0369c4cb522955686\commons-logging-1.2.jar
[Architectury Transformer DEBUG]  - C:\Users\jacks\.gradle\caches\modules-2\files-2.1\io.netty\netty-buffer\4.1.82.Final\a544270cf1ae8b8077082f5036436a9a9971ea71\netty-buffer-4.1.82.Final.jar
[Architectury Transformer DEBUG]  - C:\Users\jacks\.gradle\caches\modules-2\files-2.1\io.netty\netty-codec\4.1.82.Final\b77200379acb345a9ffdece1c605e591ac3e4e0a\netty-codec-4.1.82.Final.jar
[Architectury Transformer DEBUG]  - C:\Users\jacks\.gradle\caches\modules-2\files-2.1\io.netty\netty-common\4.1.82.Final\22d148e85c3f5ebdacc0ce1f5aabb1d420f73f3\netty-common-4.1.82.Final.jar
[Architectury Transformer DEBUG]  - C:\Users\jacks\.gradle\caches\modules-2\files-2.1\io.netty\netty-handler\4.1.82.Final\644041d1fa96a5d3130a29e8978630d716d76e38\netty-handler-4.1.82.Final.jar
[Architectury Transformer DEBUG]  - C:\Users\jacks\.gradle\caches\modules-2\files-2.1\io.netty\netty-resolver\4.1.82.Final\38f665ae8dcd29032eea31245ba7806bed2e0fa8\netty-resolver-4.1.82.Final.jar
[Architectury Transformer DEBUG]  - C:\Users\jacks\.gradle\caches\modules-2\files-2.1\io.netty\netty-transport-classes-epoll\4.1.82.Final\e7c7dd18deac93105797f30057c912651ea76521\netty-transport-classes-epoll-4.1.82.Final.jar
[Architectury Transformer DEBUG]  - C:\Users\jacks\.gradle\caches\modules-2\files-2.1\io.netty\netty-transport-native-unix-common\4.1.82.Final\3e895b35ca1b8a0eca56cacff4c2dde5d2c6abce\netty-transport-native-unix-common-4.1.82.Final.jar
[Architectury Transformer DEBUG]  - C:\Users\jacks\.gradle\caches\modules-2\files-2.1\io.netty\netty-transport\4.1.82.Final\e431a218d91acb6476ccad5f5aafde50aa3945ca\netty-transport-4.1.82.Final.jar
[Architectury Transformer DEBUG]  - C:\Users\jacks\.gradle\caches\modules-2\files-2.1\it.unimi.dsi\fastutil\8.5.9\bb7ea75ecdb216654237830b3a96d87ad91f8cc5\fastutil-8.5.9.jar
[Architectury Transformer DEBUG]  - C:\Users\jacks\.gradle\caches\modules-2\files-2.1\net.java.dev.jna\jna-platform\5.12.1\97406a297c852f4a41e688a176ec675f72e8329\jna-platform-5.12.1.jar
[Architectury Transformer DEBUG]  - C:\Users\jacks\.gradle\caches\modules-2\files-2.1\net.java.dev.jna\jna\5.12.1\b1e93a735caea94f503e95e6fe79bf9cdc1e985d\jna-5.12.1.jar
[Architectury Transformer DEBUG]  - C:\Users\jacks\.gradle\caches\modules-2\files-2.1\net.sf.jopt-simple\jopt-simple\5.0.4\4fdac2fbe92dfad86aa6e9301736f6b4342a3f5c\jopt-simple-5.0.4.jar
[Architectury Transformer DEBUG]  - C:\Users\jacks\.gradle\caches\modules-2\files-2.1\org.apache.commons\commons-compress\1.21\4ec95b60d4e86b5c95a0e919cb172a0af98011ef\commons-compress-1.21.jar
[Architectury Transformer DEBUG]  - C:\Users\jacks\.gradle\caches\modules-2\files-2.1\org.apache.commons\commons-lang3\3.12.0\c6842c86792ff03b9f1d1fe2aab8dc23aa6c6f0e\commons-lang3-3.12.0.jar
[Architectury Transformer DEBUG]  - C:\Users\jacks\.gradle\caches\modules-2\files-2.1\org.apache.httpcomponents\httpclient\4.5.13\e5f6cae5ca7ecaac1ec2827a9e2d65ae2869cada\httpclient-4.5.13.jar
[Architectury Transformer DEBUG]  - C:\Users\jacks\.gradle\caches\modules-2\files-2.1\org.apache.httpcomponents\httpcore\4.4.15\7f2e0c573eaa7a74bac2e89b359e1f73d92a0a1d\httpcore-4.4.15.jar
[Architectury Transformer DEBUG]  - C:\Users\jacks\.gradle\caches\modules-2\files-2.1\org.apache.logging.log4j\log4j-api\2.19.0\ea1b37f38c327596b216542bc636cfdc0b8036fa\log4j-api-2.19.0.jar
[Architectury Transformer DEBUG]  - C:\Users\jacks\.gradle\caches\modules-2\files-2.1\org.apache.logging.log4j\log4j-core\2.19.0\3b6eeb4de4c49c0fe38a4ee27188ff5fee44d0bb\log4j-core-2.19.0.jar
[Architectury Transformer DEBUG]  - C:\Users\jacks\.gradle\caches\modules-2\files-2.1\org.apache.logging.log4j\log4j-slf4j2-impl\2.19.0\5c04bfdd63ce9dceb2e284b81e96b6a70010ee10\log4j-slf4j2-impl-2.19.0.jar
[Architectury Transformer DEBUG]  - C:\Users\jacks\.gradle\caches\modules-2\files-2.1\org.joml\joml\1.10.5\22566d58af70ad3d72308bab63b8339906deb649\joml-1.10.5.jar
[Architectury Transformer DEBUG]  - C:\Users\jacks\.gradle\caches\modules-2\files-2.1\org.lwjgl\lwjgl-glfw\3.3.1\cbac1b8d30cb4795149c1ef540f912671a8616d0\lwjgl-glfw-3.3.1.jar
[Architectury Transformer DEBUG]  - C:\Users\jacks\.gradle\caches\modules-2\files-2.1\org.lwjgl\lwjgl-jemalloc\3.3.1\a817bcf213db49f710603677457567c37d53e103\lwjgl-jemalloc-3.3.1.jar
[Architectury Transformer DEBUG]  - C:\Users\jacks\.gradle\caches\modules-2\files-2.1\org.lwjgl\lwjgl-openal\3.3.1\2623a6b8ae1dfcd880738656a9f0243d2e6840bd\lwjgl-openal-3.3.1.jar
[Architectury Transformer DEBUG]  - C:\Users\jacks\.gradle\caches\modules-2\files-2.1\org.lwjgl\lwjgl-opengl\3.3.1\831a5533a21a5f4f81bbc51bb13e9899319b5411\lwjgl-opengl-3.3.1.jar
[Architectury Transformer DEBUG]  - C:\Users\jacks\.gradle\caches\modules-2\files-2.1\org.lwjgl\lwjgl-stb\3.3.1\b119297cf8ed01f247abe8685857f8e7fcf5980f\lwjgl-stb-3.3.1.jar
[Architectury Transformer DEBUG]  - C:\Users\jacks\.gradle\caches\modules-2\files-2.1\org.lwjgl\lwjgl-tinyfd\3.3.1\ff1914111ef2e3e0110ef2dabc8d8cdaad82347\lwjgl-tinyfd-3.3.1.jar
[Architectury Transformer DEBUG]  - C:\Users\jacks\.gradle\caches\modules-2\files-2.1\org.lwjgl\lwjgl\3.3.1\ae58664f88e18a9bb2c77b063833ca7aaec484cb\lwjgl-3.3.1.jar
[Architectury Transformer DEBUG]  - C:\Users\jacks\.gradle\caches\modules-2\files-2.1\org.slf4j\slf4j-api\2.0.1\f48d81adce2abf5ad3cfe463df517952749e03bc\slf4j-api-2.0.1.jar
[Architectury Transformer DEBUG]  - C:\Users\jacks\IDEA\LoadMyChunks\.gradle\loom-cache\minecraftMaven\net\minecraft\minecraft-merged-f0924a580a\1.20.1-loom.mappings.1_20_1.layered+hash.40359-v2\minecraft-merged-f0924a580a-1.20.1-loom.mappings.1_20_1.layered+hash.40359-v2.jar
[Architectury Transformer DEBUG]  - C:\Users\jacks\.gradle\caches\modules-2\files-2.1\io.netty\netty-transport-native-epoll\4.1.82.Final\c7350a71920f3ae9142945e25fed4846cce53374\netty-transport-native-epoll-4.1.82.Final-linux-x86_64.jar
[Architectury Transformer DEBUG]  - C:\Users\jacks\.gradle\caches\modules-2\files-2.1\io.netty\netty-transport-native-epoll\4.1.82.Final\476409d6255001ca53a55f65b01c13822f8dc93a\netty-transport-native-epoll-4.1.82.Final-linux-aarch_64.jar
[Architectury Transformer DEBUG]  - C:\Users\jacks\IDEA\LoadMyChunks\.gradle\loom-cache\remapped_mods\loom_mappings_1_20_1_layered_hash_40359_v2\dev\architectury\architectury-fabric\9.2.14\architectury-fabric-9.2.14.jar
[Architectury Transformer] Read classpath in 1.224 s
[Architectury Transformer DEBUG] Remap mixin method com/vicious/loadmychunks/mixins/MixinLevel#getChunk(II)Lnet/minecraft/world/level/chunk/LevelChunk; -> m_6325_
[Architectury Transformer DEBUG] Remap mixin method com/vicious/loadmychunks/mixins/MixinLevel#isClientSide()Z -> m_5776_
[Architectury Transformer DEBUG] Remap mixin method com/vicious/loadmychunks/mixins/MixinLevelChunk#getBlockEntity(Lnet/minecraft/core/BlockPos;)Lnet/minecraft/world/level/block/entity/BlockEntity; -> m_7702_
[Architectury Transformer DEBUG] Remap mixin method com/vicious/loadmychunks/mixins/MixinServerLevel#getDataStorage()Lnet/minecraft/world/level/storage/DimensionDataStorage; -> m_8895_
[Architectury Transformer DEBUG] Remap mixin field com/vicious/loadmychunks/mixins/MixinChunkAccess#blockEntities:Ljava/util/Map; -> f_187610_
[Architectury Transformer DEBUG] Remap mixin field com/vicious/loadmychunks/mixins/MixinChunkAccess#chunkPos:Lnet/minecraft/world/level/ChunkPos; -> f_187604_
[Architectury Transformer DEBUG] Remap mixin field com/vicious/loadmychunks/mixins/MixinChunkMap#updatingChunkMap:Lit/unimi/dsi/fastutil/longs/Long2ObjectLinkedOpenHashMap; -> f_140129_
[Architectury Transformer DEBUG] Remap mixin field com/vicious/loadmychunks/mixins/MixinLevel#tickingBlockEntities:Z -> f_151504_
[Architectury Transformer DEBUG] Remap mixin field com/vicious/loadmychunks/mixins/MixinLevel#blockEntityTickers:Ljava/util/List; -> f_151512_
[Architectury Transformer DEBUG] Remap mixin field com/vicious/loadmychunks/mixins/MixinLevelChunk#level:Lnet/minecraft/world/level/Level; -> f_62776_
[Architectury Transformer DEBUG] Remap mixin field com/vicious/loadmychunks/mixins/MixinLevelChunk#tickersInLevel:Ljava/util/Map; -> f_156362_
[Architectury Transformer DEBUG] Remapping Classes:
[Architectury Transformer DEBUG] net/fabricmc/api/EnvType -> net/minecraftforge/api/distmarker/Dist
[Architectury Transformer DEBUG] net/fabricmc/api/Environment -> net/minecraftforge/api/distmarker/OnlyIn
[Architectury Transformer DEBUG] Found class transformer
[Architectury Transformer DEBUG] Writing com/vicious/loadmychunks/LoadMyChunks with maxs=true frames=true
[Architectury Transformer DEBUG] Writing com/vicious/loadmychunks/LoaderTypes with maxs=true frames=true
[Architectury Transformer DEBUG] Writing com/vicious/loadmychunks/util/ModResource with maxs=true frames=true
[Architectury Transformer DEBUG] Writing com/vicious/loadmychunks/system/ChunkLoaderManager with maxs=true frames=true
[Architectury Transformer DEBUG] Writing com/vicious/loadmychunks/system/ChunkLoaderManager$LevelChunkLoaderManager with maxs=true frames=true
[Architectury Transformer DEBUG] Writing com/vicious/loadmychunks/system/TickDelayer$DelayedRunnable with maxs=true frames=true
[Architectury Transformer DEBUG] Writing com/vicious/loadmychunks/system/TickDelayer with maxs=true frames=true
[Architectury Transformer DEBUG] Writing com/vicious/loadmychunks/system/ThreadSafetyHelper with maxs=true frames=true
[Architectury Transformer DEBUG] Writing com/vicious/loadmychunks/system/ChunkDataModule with maxs=true frames=true
[Architectury Transformer DEBUG] Writing com/vicious/loadmychunks/system/LoaderTypeRegistry with maxs=true frames=true
[Architectury Transformer DEBUG] Writing com/vicious/loadmychunks/system/loaders/PhantomChunkLoader with maxs=true frames=true
[Architectury Transformer DEBUG] Writing com/vicious/loadmychunks/system/loaders/IChunkLoader with maxs=true frames=true
[Architectury Transformer DEBUG] Writing com/vicious/loadmychunks/system/loaders/PlacedChunkLoader with maxs=true frames=true
[Architectury Transformer DEBUG] Writing com/vicious/loadmychunks/system/loaders/IOwnable with maxs=true frames=true
[Architectury Transformer DEBUG] Writing com/vicious/loadmychunks/system/control/LoadState with maxs=true frames=true
[Architectury Transformer DEBUG] Writing com/vicious/loadmychunks/system/control/Timings with maxs=true frames=true
[Architectury Transformer DEBUG] Writing com/vicious/loadmychunks/system/control/Period with maxs=true frames=true
[Architectury Transformer DEBUG] Writing com/vicious/loadmychunks/system/control/LoadState$1 with maxs=true frames=true
[Architectury Transformer DEBUG] Writing com/vicious/loadmychunks/system/control/LoadState$2 with maxs=true frames=true
[Architectury Transformer DEBUG] Writing com/vicious/loadmychunks/mixins/MixinChunkMap with maxs=true frames=true
[Architectury Transformer DEBUG] Writing com/vicious/loadmychunks/mixins/MixinServerLevel with maxs=true frames=true
[Architectury Transformer DEBUG] Writing com/vicious/loadmychunks/mixins/MixinLevelChunk with maxs=true frames=true
[Architectury Transformer DEBUG] Writing com/vicious/loadmychunks/mixins/MixinChunkAccess with maxs=true frames=true
[Architectury Transformer DEBUG] Writing com/vicious/loadmychunks/mixins/MixinLevel with maxs=true frames=true
[Architectury Transformer DEBUG] Writing com/vicious/loadmychunks/item/ItemChunkometer with maxs=true frames=true
[Architectury Transformer DEBUG] Writing com/vicious/loadmychunks/item/LMCProperties with maxs=true frames=true
[Architectury Transformer DEBUG] Writing com/vicious/loadmychunks/debug/DebugBlockLagger with maxs=true frames=true
[Architectury Transformer DEBUG] Writing com/vicious/loadmychunks/debug/DebugBlockEntityLagger with maxs=true frames=true
[Architectury Transformer DEBUG] Writing com/vicious/loadmychunks/debug/DebugLoadMyChunks with maxs=true frames=true
[Architectury Transformer DEBUG] Writing com/vicious/loadmychunks/config/Range with maxs=true frames=true
[Architectury Transformer DEBUG] Writing com/vicious/loadmychunks/config/ConfigValue with maxs=true frames=true
[Architectury Transformer DEBUG] Writing com/vicious/loadmychunks/config/LMCConfig with maxs=true frames=true
[Architectury Transformer DEBUG] Writing com/vicious/loadmychunks/client/LMCBasicBlockEntityRenderer with maxs=true frames=true
[Architectury Transformer DEBUG] Writing com/vicious/loadmychunks/client/LoadMyChunksClient with maxs=true frames=true
[Architectury Transformer DEBUG] Writing com/vicious/loadmychunks/bridge/IDestroyable with maxs=true frames=true
[Architectury Transformer DEBUG] Writing com/vicious/loadmychunks/bridge/IChunkMapMixin with maxs=true frames=true
[Architectury Transformer DEBUG] Writing com/vicious/loadmychunks/bridge/ILevelMixin with maxs=true frames=true
[Architectury Transformer DEBUG] Writing com/vicious/loadmychunks/bridge/ILevelChunkMixin with maxs=true frames=true
[Architectury Transformer DEBUG] Writing com/vicious/loadmychunks/block/LMCBEType with maxs=true frames=true
[Architectury Transformer DEBUG] Writing com/vicious/loadmychunks/block/LMCBEType$Factory with maxs=true frames=true
[Architectury Transformer DEBUG] Writing com/vicious/loadmychunks/block/BlockChunkLoader with maxs=true frames=true
[Architectury Transformer DEBUG] Writing com/vicious/loadmychunks/block/BlockEntityChunkLoader with maxs=true frames=true
[Architectury Transformer DEBUG] Checking whether /loadmychunks-common.mixins.json is a mixin config.
[Architectury Transformer DEBUG] Checking whether /LoadMyChunks-common-refmap.json is a mixin config.
[Architectury Transformer DEBUG] Found mixin config(s): /loadmychunks-common.mixins.json
[Architectury Transformer DEBUG] Injecting LoadMyChunks-common-refmap.json to /loadmychunks-common.mixins.json
[Architectury Transformer DEBUG] Checking whether /loadmychunks-common.mixins.json is a mixin config.
[Architectury Transformer DEBUG] Checking whether /LoadMyChunks-common-refmap.json is a mixin config.
[Architectury Transformer DEBUG] Found mixin config(s): loadmychunks-common.mixins.json
[Architectury Transformer DEBUG] Injecting MixinConfigs into /META-INF/MANIFEST.MF
[Architectury Transformer DEBUG] Remapping refmap from intermediary to srg: LoadMyChunks-common-refmap.json
[Architectury Transformer DEBUG] Remapped refmap value Lnet/minecraft/class_1937;method_18471()V -> Lnet/minecraft/world/level/Level;m_46463_()V
[Architectury Transformer DEBUG] Remapped refmap value Lnet/minecraft/class_2818;<init>(Lnet/minecraft/class_1937;Lnet/minecraft/class_1923;Lnet/minecraft/class_2843;Lnet/minecraft/class_6755;Lnet/minecraft/class_6755;J[Lnet/minecraft/class_2826;Lnet/minecraft/class_2818$class_6829;Lnet/minecraft/class_6749;)V -> Lnet/minecraft/world/level/chunk/LevelChunk;<init>(Lnet/minecraft/world/level/Level;Lnet/minecraft/world/level/ChunkPos;Lnet/minecraft/world/level/chunk/UpgradeData;Lnet/minecraft/world/ticks/LevelChunkTicks;Lnet/minecraft/world/ticks/LevelChunkTicks;J[Lnet/minecraft/world/level/chunk/LevelChunkSection;Lnet/minecraft/world/level/chunk/LevelChunk$PostLoadProcessor;Lnet/minecraft/world/level/levelgen/blending/BlendingData;)V
[Architectury Transformer DEBUG] Remapped refmap value Lnet/minecraft/class_2818;method_12041(Lnet/minecraft/class_2338;)V -> Lnet/minecraft/world/level/chunk/LevelChunk;m_8114_(Lnet/minecraft/core/BlockPos;)V
[Architectury Transformer DEBUG] Remapped refmap value Lnet/minecraft/class_3218;<init>(Lnet/minecraft/server/MinecraftServer;Ljava/util/concurrent/Executor;Lnet/minecraft/class_32$class_5143;Lnet/minecraft/class_5268;Lnet/minecraft/class_5321;Lnet/minecraft/class_5363;Lnet/minecraft/class_3949;ZJLjava/util/List;ZLnet/minecraft/class_8565;)V -> Lnet/minecraft/server/level/ServerLevel;<init>(Lnet/minecraft/server/MinecraftServer;Ljava/util/concurrent/Executor;Lnet/minecraft/world/level/storage/LevelStorageSource$LevelStorageAccess;Lnet/minecraft/world/level/storage/ServerLevelData;Lnet/minecraft/resources/ResourceKey;Lnet/minecraft/world/level/dimension/LevelStem;Lnet/minecraft/server/level/progress/ChunkProgressListener;ZJLjava/util/List;ZLnet/minecraft/world/RandomSequences;)V
[Architectury Transformer DEBUG] Remapped refmap value Lnet/minecraft/class_1937;method_18471()V -> Lnet/minecraft/world/level/Level;m_46463_()V
[Architectury Transformer DEBUG] Remapped refmap value Lnet/minecraft/class_2818;<init>(Lnet/minecraft/class_1937;Lnet/minecraft/class_1923;Lnet/minecraft/class_2843;Lnet/minecraft/class_6755;Lnet/minecraft/class_6755;J[Lnet/minecraft/class_2826;Lnet/minecraft/class_2818$class_6829;Lnet/minecraft/class_6749;)V -> Lnet/minecraft/world/level/chunk/LevelChunk;<init>(Lnet/minecraft/world/level/Level;Lnet/minecraft/world/level/ChunkPos;Lnet/minecraft/world/level/chunk/UpgradeData;Lnet/minecraft/world/ticks/LevelChunkTicks;Lnet/minecraft/world/ticks/LevelChunkTicks;J[Lnet/minecraft/world/level/chunk/LevelChunkSection;Lnet/minecraft/world/level/chunk/LevelChunk$PostLoadProcessor;Lnet/minecraft/world/level/levelgen/blending/BlendingData;)V
[Architectury Transformer DEBUG] Remapped refmap value Lnet/minecraft/class_2818;method_12041(Lnet/minecraft/class_2338;)V -> Lnet/minecraft/world/level/chunk/LevelChunk;m_8114_(Lnet/minecraft/core/BlockPos;)V
[Architectury Transformer DEBUG] Remapped refmap value Lnet/minecraft/class_3218;<init>(Lnet/minecraft/server/MinecraftServer;Ljava/util/concurrent/Executor;Lnet/minecraft/class_32$class_5143;Lnet/minecraft/class_5268;Lnet/minecraft/class_5321;Lnet/minecraft/class_5363;Lnet/minecraft/class_3949;ZJLjava/util/List;ZLnet/minecraft/class_8565;)V -> Lnet/minecraft/server/level/ServerLevel;<init>(Lnet/minecraft/server/MinecraftServer;Ljava/util/concurrent/Executor;Lnet/minecraft/world/level/storage/LevelStorageSource$LevelStorageAccess;Lnet/minecraft/world/level/storage/ServerLevelData;Lnet/minecraft/resources/ResourceKey;Lnet/minecraft/world/level/dimension/LevelStem;Lnet/minecraft/server/level/progress/ChunkProgressListener;ZJLjava/util/List;ZLnet/minecraft/world/RandomSequences;)V
[Architectury Transformer DEBUG] Closed File Systems for C:\Users\jacks\IDEA\LoadMyChunks\common\build\libs\LoadMyChunks-1.0.0-transformProductionForge.jar
[Architectury Transformer] Transformed jar with 7 transformer(s) in 1.802 s
