[12:52:19] [modloading-worker-0/INFO] ========================================
[12:52:19] [modloading-worker-0/INFO] Minecraft: 1.20.1
[12:52:19] [modloading-worker-0/INFO] Side: client
[12:52:19] [modloading-worker-0/INFO] Development: true
[12:52:19] [modloading-worker-0/INFO] Version: 12.1.725
[12:52:19] [modloading-worker-0/INFO] Loader:
[12:52:19] [modloading-worker-0/INFO] - Forge: 47.2.32
[12:52:19] [modloading-worker-0/INFO] Dependencies:
[12:52:19] [modloading-worker-0/INFO] - Cloth Config: 11.1.118
[12:52:19] [modloading-worker-0/INFO] - Architectury: 9.2.14
[12:52:19] [modloading-worker-0/INFO] Mixin: 0.8.5
[12:52:19] [modloading-worker-0/INFO] OS: Windows 10 10.0 (amd64)
[12:52:19] [modloading-worker-0/INFO] Java: 17.0.7 (Amazon.com Inc.)
[12:52:19] [modloading-worker-0/INFO] ========================================
[12:52:19] [modloading-worker-0/INFO] Mods:
[12:52:19] [modloading-worker-0/INFO] - architectury: 9.2.14
[12:52:19] [modloading-worker-0/INFO] - cloth_config: 11.1.118
[12:52:19] [modloading-worker-0/INFO] - forge: 47.2.32
[12:52:19] [modloading-worker-0/INFO] - generated_88cff3a: 1
[12:52:19] [modloading-worker-0/INFO] - loadmychunks: 1.0.0
[12:52:19] [modloading-worker-0/INFO] - minecraft: 1.20.1
[12:52:19] [modloading-worker-0/INFO] - roughlyenoughitems: 12.1.725
[12:52:19] [modloading-worker-0/INFO] ========================================
[12:52:19] [modloading-worker-0/DEBUG] [REI] Added filtering rule [roughlyenoughitems:search]: INSTANCE
[12:52:19] [modloading-worker-0/DEBUG] [REI] Added filtering rule [roughlyenoughitems:manual]: INSTANCE
[12:52:19] [modloading-worker-0/DEBUG] [REI] Added filtering rule [roughlyenoughitems:basic]: INSTANCE
